16:13:46.054 Running build in Portland, USA (West) â€“ pdx1
16:13:46.055 Build machine configuration: 2 cores, 8 GB
16:13:46.260 Cloning github.com/i7620-lgtm/Platform-Ujian-Cerdas (Branch: main, Commit: e0f030e)
16:13:46.866 Cloning completed: 606.000ms
16:13:47.219 Restored build cache from previous deployment (Aw3XwLaXeswNEDzgTpGPNMoDw5W3)
16:13:47.598 Running "vercel build"
16:13:48.663 Vercel CLI 50.5.2
16:13:49.315 Installing dependencies...
16:13:52.270 
16:13:52.271 up to date in 3s
16:13:52.271 
16:13:52.271 75 packages are looking for funding
16:13:52.271   run `npm fund` for details
16:13:52.316 Running "npm run build"
16:13:52.418 
16:13:52.419 > platform-ujian-cerdas@0.0.0 build
16:13:52.419 > tsc && vite build
16:13:52.419 
16:13:56.421 components/StudentLogin.tsx(4,10): error TS6133: 'LogoIcon' is declared but its value is never read.
16:13:56.421 components/StudentLogin.tsx(4,35): error TS6133: 'TrashIcon' is declared but its value is never read.
16:13:56.422 components/TeacherDashboard.tsx(5,5): error TS6133: 'CheckCircleIcon' is declared but its value is never read.
16:13:56.457 Error: Command "npm run build" exited with 2
